<?xml version="1.0" encoding="UTF-8"?>
<!-- Generated by org.testng.reporters.JUnitXMLReporter -->
<testsuite ignored="0" hostname="DESKTOP-S5MMF0I" failures="1" tests="1" name="Surefire test" time="38.357" errors="0" timestamp="2023-04-10T11:55:55 IST">
  <testcase classname="TestCases.EMIcalculatorTest" name="TC01_ExplorePoduct" time="10.1">
    <failure type="java.lang.NullPointerException" message="Cannot invoke &amp;quot;com.aventstack.extentreports.ExtentTest.log(com.aventstack.extentreports.Status, String)&amp;quot; because &amp;quot;Utils.ExtentListeners.test&amp;quot; is null">
      <![CDATA[java.lang.NullPointerException: Cannot invoke "com.aventstack.extentreports.ExtentTest.log(com.aventstack.extentreports.Status, String)" because "Utils.ExtentListeners.test" is null
at TestCases.EMIcalculatorTest.TC01_ExplorePoduct(EMIcalculatorTest.java:29)
at java.base/java.util.ArrayList.forEach(ArrayList.java:1511)
... Removed 32 stack frames]]>
    </failure>
  </testcase> <!-- TC01_ExplorePoduct -->
</testsuite> <!-- Surefire test -->
