-------------------------------------------------------------------------------
Test set: TestCases.EMIcalculatorTest
-------------------------------------------------------------------------------
Tests run: 1, Failures: 1, Errors: 0, Skipped: 0, Time elapsed: 40.181 s <<< FAILURE! - in TestCases.EMIcalculatorTest
TC01_ExplorePoduct(TestCases.EMIcalculatorTest)  Time elapsed: 10.135 s  <<< FAILURE!
java.lang.NullPointerException: Cannot invoke "com.aventstack.extentreports.ExtentTest.log(com.aventstack.extentreports.Status, String)" because "Utils.ExtentListeners.test" is null
	at TestCases.EMIcalculatorTest.TC01_ExplorePoduct(EMIcalculatorTest.java:29)

