<?xml version="1.0" encoding="UTF-8"?>
<testng-results ignored="0" total="1" passed="1" failed="0" skipped="0">
  <reporter-output>
  </reporter-output>
  <suite started-at="2023-05-09T12:37:27 IST" name="Default suite" finished-at="2023-05-09T12:38:02 IST" duration-ms="35349">
    <groups>
    </groups>
    <test started-at="2023-05-09T12:37:27 IST" name="Default test" finished-at="2023-05-09T12:38:02 IST" duration-ms="35349">
      <class name="BaseTest.BrowserBaseTest2">
        <test-method signature="AppiumTest()[pri:0, instance:BaseTest.BrowserBaseTest2@52719fb6]" started-at="2023-05-09T12:37:27 IST" name="AppiumTest" finished-at="2023-05-09T12:38:02 IST" duration-ms="35236" status="PASS">
          <reporter-output>
          </reporter-output>
        </test-method> <!-- AppiumTest -->
      </class> <!-- BaseTest.BrowserBaseTest2 -->
    </test> <!-- Default test -->
  </suite> <!-- Default suite -->
</testng-results>
